cymp:txs cyue$ ./metric.bash scan
Populating ...
Scanning among 360000 objects using concurrency: 1
Fast: 10859 TPS	  Heap: 242 MB
Fast: 10496 TPS	  Heap: 303 MB
Fast: 11224 TPS	  Heap: 303 MB
Fast: 11138 TPS	  Heap: 303 MB
Fast: 11045 TPS	  Heap: 303 MB
Fast: 10146 TPS	  Heap: 303 MB
Fast: 11309 TPS	  Heap: 303 MB
Fast: 11010 TPS	  Heap: 303 MB
Fast: 11021 TPS	  Heap: 303 MB
Fast: 10953 TPS	  Heap: 303 MB
Fast: 10472 TPS	  Heap: 303 MB
Total 360000 transactions processed in 33 seconds.
Overall TPS: 10909
Heap: 303 MB
  56,310,936,208 bytes allocated in the heap
   3,900,443,064 bytes copied during GC
     318,345,768 bytes maximum residency (13 sample(s))
       1,396,184 bytes maximum slop
             303 MB total memory in use (0 MB lost due to fragmentation)

                                     Tot time (elapsed)  Avg pause  Max pause
  Gen  0       299 colls,     0 par    3.238s   3.242s     0.0108s    0.0210s
  Gen  1        13 colls,     0 par    1.515s   1.732s     0.1333s    0.3065s

  TASKS: 15 (1 bound, 14 peak workers (14 total), using -N6)

  SPARKS: 0 (0 converted, 0 overflowed, 0 dud, 0 GC'd, 0 fizzled)

  INIT    time    0.001s  (  0.005s elapsed)
  MUT     time   50.534s  ( 40.553s elapsed)
  GC      time    4.753s  (  4.974s elapsed)
  RP      time    0.000s  (  0.000s elapsed)
  PROF    time    0.000s  (  0.000s elapsed)
  EXIT    time    0.000s  (  0.002s elapsed)
  Total   time   55.289s  ( 45.533s elapsed)

  Alloc rate    1,114,322,220 bytes per MUT second

  Productivity  91.4% of total user, 89.1% of total elapsed

cymp:txs cyue$ 
cymp:txs cyue$ 
cymp:txs cyue$ ./metric.bash scan
Populating ...
Scanning among 360000 objects using concurrency: 2
Fast: 13885 TPS	  Heap: 265 MB
Fast: 15888 TPS	  Heap: 303 MB
Fast: 17443 TPS	  Heap: 303 MB
Fast: 17271 TPS	  Heap: 303 MB
Fast: 15892 TPS	  Heap: 303 MB
Fast: 17386 TPS	  Heap: 303 MB
Fast: 17334 TPS	  Heap: 303 MB
Total 360000 transactions processed in 22 seconds.
Overall TPS: 16363
Heap: 303 MB
  56,383,047,008 bytes allocated in the heap
   1,797,637,520 bytes copied during GC
     318,389,568 bytes maximum residency (13 sample(s))
       1,403,448 bytes maximum slop
             303 MB total memory in use (0 MB lost due to fragmentation)

                                     Tot time (elapsed)  Avg pause  Max pause
  Gen  0       296 colls,     0 par    3.396s   3.402s     0.0115s    0.0240s
  Gen  1        13 colls,     0 par    1.611s   1.828s     0.1407s    0.3101s

  TASKS: 15 (1 bound, 14 peak workers (14 total), using -N6)

  SPARKS: 0 (0 converted, 0 overflowed, 0 dud, 0 GC'd, 0 fizzled)

  INIT    time    0.001s  (  0.005s elapsed)
  MUT     time   57.390s  ( 28.774s elapsed)
  GC      time    5.007s  (  5.230s elapsed)
  RP      time    0.000s  (  0.000s elapsed)
  PROF    time    0.000s  (  0.000s elapsed)
  EXIT    time    0.000s  (  0.002s elapsed)
  Total   time   62.399s  ( 34.011s elapsed)

  Alloc rate    982,452,941 bytes per MUT second

  Productivity  92.0% of total user, 84.6% of total elapsed

cymp:txs cyue$ 
cymp:txs cyue$ 
cymp:txs cyue$ ./metric.bash scan
Populating ...
Scanning among 360000 objects using concurrency: 3
Fast: 18598 TPS	  Heap: 303 MB
Fast: 21426 TPS	  Heap: 303 MB
Fast: 19663 TPS	  Heap: 303 MB
Fast: 21504 TPS	  Heap: 303 MB
Fast: 21285 TPS	  Heap: 303 MB
Total 360000 transactions processed in 17 seconds.
Overall TPS: 21176
Heap: 303 MB
  56,343,593,232 bytes allocated in the heap
   3,358,485,872 bytes copied during GC
     318,421,504 bytes maximum residency (13 sample(s))
       1,396,352 bytes maximum slop
             303 MB total memory in use (0 MB lost due to fragmentation)

                                     Tot time (elapsed)  Avg pause  Max pause
  Gen  0       293 colls,     0 par    3.297s   3.301s     0.0113s    0.0241s
  Gen  1        13 colls,     0 par    1.522s   1.739s     0.1338s    0.3045s

  TASKS: 17 (1 bound, 16 peak workers (16 total), using -N6)

  SPARKS: 0 (0 converted, 0 overflowed, 0 dud, 0 GC'd, 0 fizzled)

  INIT    time    0.001s  (  0.005s elapsed)
  MUT     time   64.462s  ( 24.911s elapsed)
  GC      time    4.819s  (  5.041s elapsed)
  RP      time    0.000s  (  0.000s elapsed)
  PROF    time    0.000s  (  0.000s elapsed)
  EXIT    time    0.000s  (  0.001s elapsed)
  Total   time   69.283s  ( 29.958s elapsed)

  Alloc rate    874,053,498 bytes per MUT second

  Productivity  93.0% of total user, 83.2% of total elapsed

cymp:txs cyue$ 
cymp:txs cyue$ 
cymp:txs cyue$ ./metric.bash scan
Populating ...
Scanning among 360000 objects using concurrency: 4
Fast: 18259 TPS	  Heap: 285 MB
Fast: 20615 TPS	  Heap: 303 MB
Fast: 22891 TPS	  Heap: 303 MB
Fast: 22595 TPS	  Heap: 303 MB
Fast: 21110 TPS	  Heap: 303 MB
Total 360000 transactions processed in 16 seconds.
Overall TPS: 22500
Heap: 303 MB
  56,390,502,928 bytes allocated in the heap
   1,481,954,032 bytes copied during GC
     318,457,400 bytes maximum residency (12 sample(s))
       1,399,240 bytes maximum slop
             303 MB total memory in use (0 MB lost due to fragmentation)

                                     Tot time (elapsed)  Avg pause  Max pause
  Gen  0       295 colls,     0 par    3.319s   3.326s     0.0113s    0.0234s
  Gen  1        12 colls,     0 par    1.396s   1.616s     0.1347s    0.3107s

  TASKS: 17 (1 bound, 16 peak workers (16 total), using -N6)

  SPARKS: 0 (0 converted, 0 overflowed, 0 dud, 0 GC'd, 0 fizzled)

  INIT    time    0.001s  (  0.005s elapsed)
  MUT     time   75.619s  ( 24.151s elapsed)
  GC      time    4.715s  (  4.943s elapsed)
  RP      time    0.000s  (  0.000s elapsed)
  PROF    time    0.000s  (  0.000s elapsed)
  EXIT    time    0.000s  (  0.001s elapsed)
  Total   time   80.335s  ( 29.099s elapsed)

  Alloc rate    745,722,188 bytes per MUT second

  Productivity  94.1% of total user, 83.0% of total elapsed

cymp:txs cyue$ 
cymp:txs cyue$ 
cymp:txs cyue$ 
cymp:txs cyue$ ./metric.bash scan
Populating ...
Scanning among 360000 objects using concurrency: 5
Fast: 19229 TPS	  Heap: 303 MB
Fast: 23506 TPS	  Heap: 303 MB
Fast: 21431 TPS	  Heap: 303 MB
Fast: 23282 TPS	  Heap: 303 MB
Fast: 21620 TPS	  Heap: 303 MB
Total 360000 transactions processed in 16 seconds.
Overall TPS: 22500
Heap: 303 MB
  56,332,066,920 bytes allocated in the heap
   1,497,767,992 bytes copied during GC
     318,493,528 bytes maximum residency (13 sample(s))
       1,401,160 bytes maximum slop
             303 MB total memory in use (0 MB lost due to fragmentation)

                                     Tot time (elapsed)  Avg pause  Max pause
  Gen  0       290 colls,     0 par    3.452s   3.458s     0.0119s    0.0209s
  Gen  1        13 colls,     0 par    1.563s   1.793s     0.1379s    0.3157s

  TASKS: 18 (1 bound, 17 peak workers (17 total), using -N6)

  SPARKS: 0 (0 converted, 0 overflowed, 0 dud, 0 GC'd, 0 fizzled)

  INIT    time    0.001s  (  0.005s elapsed)
  MUT     time   86.430s  ( 23.422s elapsed)
  GC      time    5.015s  (  5.250s elapsed)
  RP      time    0.000s  (  0.000s elapsed)
  PROF    time    0.000s  (  0.000s elapsed)
  EXIT    time    0.000s  (  0.002s elapsed)
  Total   time   91.446s  ( 28.679s elapsed)

  Alloc rate    651,767,093 bytes per MUT second

  Productivity  94.5% of total user, 81.7% of total elapsed

cymp:txs cyue$ 
cymp:txs cyue$ 
cymp:txs cyue$ ./metric.bash scan
Populating ...
Scanning among 360000 objects using concurrency: 6
Fast: 19725 TPS	  Heap: 290 MB
Fast: 23720 TPS	  Heap: 303 MB
Fast: 22058 TPS	  Heap: 303 MB
Fast: 23728 TPS	  Heap: 303 MB
Fast: 22300 TPS	  Heap: 303 MB
Total 360000 transactions processed in 16 seconds.
Overall TPS: 22500
Heap: 303 MB
  56,362,706,088 bytes allocated in the heap
   1,781,206,584 bytes copied during GC
     318,528,688 bytes maximum residency (13 sample(s))
       1,393,488 bytes maximum slop
             303 MB total memory in use (0 MB lost due to fragmentation)

                                     Tot time (elapsed)  Avg pause  Max pause
  Gen  0       287 colls,     0 par    3.336s   3.340s     0.0116s    0.0207s
  Gen  1        13 colls,     0 par    1.474s   1.693s     0.1302s    0.3067s

  TASKS: 18 (1 bound, 17 peak workers (17 total), using -N6)

  SPARKS: 0 (0 converted, 0 overflowed, 0 dud, 0 GC'd, 0 fizzled)

  INIT    time    0.001s  (  0.005s elapsed)
  MUT     time   98.599s  ( 23.282s elapsed)
  GC      time    4.810s  (  5.033s elapsed)
  RP      time    0.000s  (  0.000s elapsed)
  PROF    time    0.000s  (  0.000s elapsed)
  EXIT    time    0.000s  (  0.001s elapsed)
  Total   time  103.411s  ( 28.320s elapsed)

  Alloc rate    571,634,401 bytes per MUT second

  Productivity  95.3% of total user, 82.2% of total elapsed

cymp:txs cyue$ 
cymp:txs cyue$ 
cymp:txs cyue$ 
